# project noname (1.0) configured on Sun Apr  1 18:55:06 2012 by
# waf 1.5.16 (abi 7, python 20702f0 on linux2)
# using /usr/local/bin/node-waf configure build
#

----------------------------------------
Setting srcdir to
/home/joan/alterchat/crititot/node_modules/sqlite3

----------------------------------------
Setting blddir to
/home/joan/alterchat/crititot/node_modules/sqlite3/build

----------------------------------------
Checking for program g++ or c++
  find program=['g++', 'c++'] paths=[] var='CXX'
  -> '/usr/bin/g++'

----------------------------------------
Checking for program cpp
  find program=['cpp'] paths=[] var='CPP'
  -> '/usr/bin/cpp'

----------------------------------------
Checking for program ar
  find program=['ar'] paths=[] var='AR'
  -> '/usr/bin/ar'

----------------------------------------
Checking for program ranlib
  find program=['ranlib'] paths=[] var='RANLIB'
  -> '/usr/bin/ranlib'

----------------------------------------
Checking for g++ 
ok 

----------------------------------------
Checking for node path 
not found

----------------------------------------
Checking for node prefix 
ok /usr/local
